<?xml version="1.0" encoding="UTF-8"?>
<testsuites name="Mocha Tests" time="0.265" tests="1" failures="1">
  <testsuite name="Root Suite" timestamp="2023-10-20T06:03:39" tests="0" file="cypress\e2e\KYC\customerASSERTIONS.cy.js" time="0.000" failures="0">
  </testsuite>
  <testsuite name="NEW CUSTOMER REQUEST" timestamp="2023-10-20T06:03:39" tests="1" time="0.249" failures="1">
    <testcase name="NEW CUSTOMER REQUEST &quot;before each&quot; hook for &quot;NEW CUSTOMER REQUEST SAVE AS DAFRT &amp; SUBMIT &quot;" time="0.000" classname="&quot;before each&quot; hook for &quot;NEW CUSTOMER REQUEST SAVE AS DAFRT &amp; SUBMIT &quot;">
      <failure message="The cypress-ntlm-auth plugin must be loaded before using this method

Because this error occurred during a `before each` hook we are skipping the remaining tests in the current suite: `NEW CUSTOMER REQUEST`" type="Error"><![CDATA[Error: The cypress-ntlm-auth plugin must be loaded before using this method

Because this error occurred during a `before each` hook we are skipping the remaining tests in the current suite: `NEW CUSTOMER REQUEST`
    at Context.ntlm (webpack:///./node_modules/cypress-ntlm-auth/dist/commands/index.js:35:0)]]></failure>
    </testcase>
  </testsuite>
</testsuites>