<?xml version="1.0" encoding="UTF-8"?>
<testsuites name="Mocha Tests" time="0.447" tests="1" failures="1">
  <testsuite name="Root Suite" timestamp="2023-10-20T05:57:05" tests="0" file="cypress\e2e\dbTARGRAYFEEDSTOCK .cy.js" time="0.000" failures="0">
  </testsuite>
  <testsuite name="Example to Demonstrate SQL Database Testing in Cypress" timestamp="2023-10-20T05:57:05" tests="1" time="0.417" failures="1">
    <testcase name="Example to Demonstrate SQL Database Testing in Cypress Verify THE DEAL NUMBER" time="0.000" classname="Verify THE DEAL NUMBER">
      <failure message="`cy.task(&apos;queryTestDb&apos;)` failed with the following error:

The &apos;task&apos; event has not been registered in the setupNodeEvents method. You must register it before using cy.task()

Fix this in your setupNodeEvents method here:
C:\Users\amallipudi\Desktop\DBtesting\cypress.config.js

https://on.cypress.io/api/task" type="CypressError"><![CDATA[CypressError: `cy.task('queryTestDb')` failed with the following error:

The 'task' event has not been registered in the setupNodeEvents method. You must register it before using cy.task()

Fix this in your setupNodeEvents method here:
C:\Users\amallipudi\Desktop\DBtesting\cypress.config.js

https://on.cypress.io/api/task
    at <unknown> (http://localhost:59216/__cypress/runner/cypress_runner.js:141549:80)
    at tryCatcher (http://localhost:59216/__cypress/runner/cypress_runner.js:8914:23)
    at Promise._settlePromiseFromHandler (http://localhost:59216/__cypress/runner/cypress_runner.js:6849:31)
    at Promise._settlePromise (http://localhost:59216/__cypress/runner/cypress_runner.js:6906:18)
    at Promise._settlePromise0 (http://localhost:59216/__cypress/runner/cypress_runner.js:6951:10)
    at Promise._settlePromises (http://localhost:59216/__cypress/runner/cypress_runner.js:7027:18)
    at _drainQueueStep (http://localhost:59216/__cypress/runner/cypress_runner.js:3621:12)
    at _drainQueue (http://localhost:59216/__cypress/runner/cypress_runner.js:3614:9)
    at ../../node_modules/bluebird/js/release/async.js.Async._drainQueues (http://localhost:59216/__cypress/runner/cypress_runner.js:3630:5)
    at Async.drainQueues (http://localhost:59216/__cypress/runner/cypress_runner.js:3500:14)
From Your Spec Code:
    at Context.eval (webpack:///./cypress/e2e/dbTARGRAYFEEDSTOCK .cy.js:9:7)]]></failure>
    </testcase>
  </testsuite>
</testsuites>