<?xml version="1.0" encoding="UTF-8"?>
<testsuites name="Mocha Tests" time="8.652" tests="5" failures="0">
  <testsuite name="Root Suite" timestamp="2023-10-20T06:53:08" tests="0" file="cypress\e2e\2-advanced-examples\utilities.cy.js" time="0.000" failures="0">
  </testsuite>
  <testsuite name="Utilities" timestamp="2023-10-20T06:53:08" tests="5" time="8.620" failures="0">
    <testcase name="Utilities Cypress._ - call a lodash method" time="1.256" classname="Cypress._ - call a lodash method">
    </testcase>
    <testcase name="Utilities Cypress.$ - call a jQuery method" time="0.427" classname="Cypress.$ - call a jQuery method">
    </testcase>
    <testcase name="Utilities Cypress.Blob - blob utilities and base64 string conversion" time="0.584" classname="Cypress.Blob - blob utilities and base64 string conversion">
    </testcase>
    <testcase name="Utilities Cypress.minimatch - test out glob patterns against strings" time="0.252" classname="Cypress.minimatch - test out glob patterns against strings">
    </testcase>
    <testcase name="Utilities Cypress.Promise - instantiate a bluebird promise" time="1.345" classname="Cypress.Promise - instantiate a bluebird promise">
    </testcase>
  </testsuite>
</testsuites>