<?xml version="1.0" encoding="UTF-8"?>
<testsuites name="Mocha Tests" time="0.307" tests="1" failures="1">
  <testsuite name="Root Suite" timestamp="2023-10-20T06:03:35" tests="0" file="cypress\e2e\FEEDSTOCKFULL\FSpom.cy.js" time="0.000" failures="0">
  </testsuite>
  <testsuite name="Test Suite" timestamp="2023-10-20T06:03:35" tests="1" time="0.281" failures="1">
    <testcase name="Test Suite &quot;before each&quot; hook for &quot;addnewdealclick&quot;" time="0.000" classname="&quot;before each&quot; hook for &quot;addnewdealclick&quot;">
      <failure message="The cypress-ntlm-auth plugin must be loaded before using this method

Because this error occurred during a `before each` hook we are skipping the remaining tests in the current suite: `Test Suite`" type="Error"><![CDATA[Error: The cypress-ntlm-auth plugin must be loaded before using this method

Because this error occurred during a `before each` hook we are skipping the remaining tests in the current suite: `Test Suite`
    at Context.ntlm (webpack:///./node_modules/cypress-ntlm-auth/dist/commands/index.js:35:0)]]></failure>
    </testcase>
  </testsuite>
</testsuites>