<?xml version="1.0" encoding="UTF-8"?>
<testsuites name="Mocha Tests" time="100.918" tests="2" failures="0">
  <testsuite name="Root Suite" timestamp="2023-10-20T10:31:51" tests="0" file="cypress\e2e\FEEDSTOCKFULL\FeedStock\Trader.cy.js" time="0.000" failures="0">
  </testsuite>
  <testsuite name="Trader" timestamp="2023-10-20T10:31:51" tests="2" time="100.916" failures="0">
    <testcase name="Trader check all mandatory fields" time="50.536" classname="check all mandatory fields">
    </testcase>
    <testcase name="Trader save_button" time="44.058" classname="save_button">
    </testcase>
  </testsuite>
</testsuites>