<?xml version="1.0" encoding="UTF-8"?>
<testsuites name="Mocha Tests" time="3.974" tests="1" failures="1">
  <testsuite name="Root Suite" timestamp="2023-10-20T10:36:56" tests="1" file="cypress\e2e\Pulses\Homepage.cy.js" time="3.973" failures="1">
    <testcase name="Pulses" time="0.000" classname="Pulses">
      <failure message="`cy.visit()` failed trying to load:

http://web04/TEST-TPSContractManagement

The response we received from your web server was:

  &gt; 401: Unauthorized

This was considered a failure because the status code was not `2xx`.

If you do not want status codes to cause failures pass the option: `failOnStatusCode: false`" type="CypressError"><![CDATA[CypressError: `cy.visit()` failed trying to load:

http://web04/TEST-TPSContractManagement

The response we received from your web server was:

  > 401: Unauthorized

This was considered a failure because the status code was not `2xx`.

If you do not want status codes to cause failures pass the option: `failOnStatusCode: false`
    at <unknown> (http://localhost:60254/__cypress/runner/cypress_runner.js:131197:76)
    at visitFailedByErr (http://localhost:60254/__cypress/runner/cypress_runner.js:130605:12)
    at <unknown> (http://localhost:60254/__cypress/runner/cypress_runner.js:131180:13)
    at tryCatcher (http://localhost:60254/__cypress/runner/cypress_runner.js:1807:23)
    at Promise._settlePromiseFromHandler (http://localhost:60254/__cypress/runner/cypress_runner.js:1519:31)
    at Promise._settlePromise (http://localhost:60254/__cypress/runner/cypress_runner.js:1576:18)
    at Promise._settlePromise0 (http://localhost:60254/__cypress/runner/cypress_runner.js:1621:10)
    at Promise._settlePromises (http://localhost:60254/__cypress/runner/cypress_runner.js:1697:18)
    at _drainQueueStep (http://localhost:60254/__cypress/runner/cypress_runner.js:2407:12)
    at _drainQueue (http://localhost:60254/__cypress/runner/cypress_runner.js:2400:9)
    at Async._drainQueues (http://localhost:60254/__cypress/runner/cypress_runner.js:2416:5)
    at Async.drainQueues (http://localhost:60254/__cypress/runner/cypress_runner.js:2286:14)
From Your Spec Code:
    at Context.eval (webpack://cypress-junit-azure-devops/./cypress/e2e/Pulses/Homepage.cy.js:10:3)]]></failure>
    </testcase>
  </testsuite>
</testsuites>