<?xml version="1.0" encoding="UTF-8"?>
<testsuites name="Mocha Tests" time="0.351" tests="1" failures="1">
  <testsuite name="Root Suite" timestamp="2023-10-20T10:28:12" tests="1" file="cypress\e2e\Pulses\Homepage.cy.js" time="0.349" failures="1">
    <testcase name="Pulses" time="0.000" classname="Pulses">
      <failure message="The cypress-ntlm-auth plugin must be loaded before using this method" type="Error"><![CDATA[Error: The cypress-ntlm-auth plugin must be loaded before using this method
    at Context.ntlm (webpack://cypress-junit-azure-devops/../../node_modules/cypress-ntlm-auth/dist/commands/index.js:35:0)]]></failure>
    </testcase>
  </testsuite>
</testsuites>