<?xml version="1.0" encoding="UTF-8"?>
<testsuites name="Mocha Tests" time="4.592" tests="10" failures="0">
  <testsuite name="Root Suite" timestamp="2023-10-20T10:21:35" tests="0" file="cypress\e2e\2-advanced-examples\cypress_api.cy.js" time="0.000" failures="0">
  </testsuite>
  <testsuite name="Cypress.Commands" timestamp="2023-10-20T10:21:35" tests="1" time="2.291" failures="0">
    <testcase name="Cypress.Commands .add() - create a custom command" time="0.480" classname=".add() - create a custom command">
    </testcase>
  </testsuite>
  <testsuite name="Cypress.Cookies" timestamp="2023-10-20T10:21:38" tests="1" time="0.328" failures="0">
    <testcase name="Cypress.Cookies .debug() - enable or disable debugging" time="0.288" classname=".debug() - enable or disable debugging">
    </testcase>
  </testsuite>
  <testsuite name="Cypress.arch" timestamp="2023-10-20T10:21:38" tests="1" time="0.257" failures="0">
    <testcase name="Cypress.arch Get CPU architecture name of underlying OS" time="0.194" classname="Get CPU architecture name of underlying OS">
    </testcase>
  </testsuite>
  <testsuite name="Cypress.config()" timestamp="2023-10-20T10:21:38" tests="1" time="0.293" failures="0">
    <testcase name="Cypress.config() Get and set configuration options" time="0.201" classname="Get and set configuration options">
    </testcase>
  </testsuite>
  <testsuite name="Cypress.dom" timestamp="2023-10-20T10:21:39" tests="1" time="0.244" failures="0">
    <testcase name="Cypress.dom .isHidden() - determine if a DOM element is hidden" time="0.190" classname=".isHidden() - determine if a DOM element is hidden">
    </testcase>
  </testsuite>
  <testsuite name="Cypress.env()" timestamp="2023-10-20T10:21:39" tests="1" time="0.255" failures="0">
    <testcase name="Cypress.env() Get environment variables" time="0.188" classname="Get environment variables">
    </testcase>
  </testsuite>
  <testsuite name="Cypress.log" timestamp="2023-10-20T10:21:39" tests="1" time="0.223" failures="0">
    <testcase name="Cypress.log Control what is printed to the Command Log" time="0.174" classname="Control what is printed to the Command Log">
    </testcase>
  </testsuite>
  <testsuite name="Cypress.platform" timestamp="2023-10-20T10:21:39" tests="1" time="0.228" failures="0">
    <testcase name="Cypress.platform Get underlying OS name" time="0.177" classname="Get underlying OS name">
    </testcase>
  </testsuite>
  <testsuite name="Cypress.version" timestamp="2023-10-20T10:21:40" tests="1" time="0.232" failures="0">
    <testcase name="Cypress.version Get current version of Cypress being run" time="0.181" classname="Get current version of Cypress being run">
    </testcase>
  </testsuite>
  <testsuite name="Cypress.spec" timestamp="2023-10-20T10:21:40" tests="1" time="0.235" failures="0">
    <testcase name="Cypress.spec Get current spec information" time="0.192" classname="Get current spec information">
    </testcase>
  </testsuite>
</testsuites>