<?xml version="1.0" encoding="UTF-8"?>
<testsuites name="Mocha Tests" time="16.055" tests="1" failures="1">
  <testsuite name="Root Suite" timestamp="2023-10-20T10:26:52" tests="0" file="cypress\e2e\FEEDSTOCKFULL\FSpom.cy.js" time="0.000" failures="0">
  </testsuite>
  <testsuite name="Test Suite" timestamp="2023-10-20T10:26:52" tests="1" time="16.051" failures="1">
    <testcase name="Test Suite addnewdealclick" time="0.000" classname="addnewdealclick">
      <failure message="fud.attachFile is not a function" type="TypeError"><![CDATA[TypeError: fud.attachFile is not a function
    at home_managedealpage.fuUploadDocuments_button (webpack://cypress-junit-azure-devops/./cypress/e2e/PageObjects/home_managedealpag.js:194:8)
    at Context.eval (webpack://cypress-junit-azure-devops/./cypress/e2e/FEEDSTOCKFULL/FSpom.cy.js:100:11)]]></failure>
    </testcase>
  </testsuite>
</testsuites>