<?xml version="1.0" encoding="UTF-8"?>
<testsuites name="Mocha Tests" time="0.310" tests="1" failures="1">
  <testsuite name="Root Suite" timestamp="2023-10-20T06:57:15" tests="0" file="cypress\e2e\KYC\VENDORassertions.cy.js" time="0.000" failures="0">
  </testsuite>
  <testsuite name="NEW VENDOR REQUEST" timestamp="2023-10-20T06:57:15" tests="1" time="0.285" failures="1">
    <testcase name="NEW VENDOR REQUEST &quot;before each&quot; hook for &quot;NEW VENDOR REQUEST SAVE AS DAFRT &quot;" time="0.000" classname="&quot;before each&quot; hook for &quot;NEW VENDOR REQUEST SAVE AS DAFRT &quot;">
      <failure message="Incomplete configuration. ntlmHosts, username, password and ntlmVersion are required fields.

Because this error occurred during a `before each` hook we are skipping the remaining tests in the current suite: `NEW VENDOR REQUEST`" type="Error"><![CDATA[Error: Incomplete configuration. ntlmHosts, username, password and ntlmVersion are required fields.

Because this error occurred during a `before each` hook we are skipping the remaining tests in the current suite: `NEW VENDOR REQUEST`
    at Context.ntlm (webpack://cypress-junit-azure-devops/./node_modules/cypress-ntlm-auth/dist/commands/index.js:55:0)]]></failure>
    </testcase>
  </testsuite>
</testsuites>