<?xml version="1.0" encoding="UTF-8"?>
<testsuites name="Mocha Tests" time="7.899" tests="2" failures="0">
  <testsuite name="Root Suite" timestamp="2023-10-20T10:24:20" tests="0" file="cypress\e2e\2-advanced-examples\waiting.cy.js" time="0.000" failures="0">
  </testsuite>
  <testsuite name="Waiting" timestamp="2023-10-20T10:24:20" tests="2" time="7.896" failures="0">
    <testcase name="Waiting cy.wait() - wait for a specific amount of time" time="4.828" classname="cy.wait() - wait for a specific amount of time">
    </testcase>
    <testcase name="Waiting cy.wait() - wait for a specific route" time="1.274" classname="cy.wait() - wait for a specific route">
    </testcase>
  </testsuite>
</testsuites>