<?xml version="1.0" encoding="UTF-8"?>
<testsuites name="Mocha Tests" time="0.296" tests="1" failures="1">
  <testsuite name="Root Suite" timestamp="2023-10-20T06:56:57" tests="0" file="cypress\e2e\FEEDSTOCKFULL\FSpom.cy.js" time="0.000" failures="0">
  </testsuite>
  <testsuite name="Test Suite" timestamp="2023-10-20T06:56:57" tests="1" time="0.269" failures="1">
    <testcase name="Test Suite &quot;before each&quot; hook for &quot;addnewdealclick&quot;" time="0.000" classname="&quot;before each&quot; hook for &quot;addnewdealclick&quot;">
      <failure message="Incomplete configuration. ntlmHosts, username, password and ntlmVersion are required fields.

Because this error occurred during a `before each` hook we are skipping the remaining tests in the current suite: `Test Suite`" type="Error"><![CDATA[Error: Incomplete configuration. ntlmHosts, username, password and ntlmVersion are required fields.

Because this error occurred during a `before each` hook we are skipping the remaining tests in the current suite: `Test Suite`
    at Context.ntlm (webpack://cypress-junit-azure-devops/./node_modules/cypress-ntlm-auth/dist/commands/index.js:55:0)]]></failure>
    </testcase>
  </testsuite>
</testsuites>