<?xml version="1.0" encoding="UTF-8"?>
<testsuites name="Mocha Tests" time="74.425" tests="1" failures="0">
  <testsuite name="Root Suite" timestamp="2023-10-20T07:16:45" tests="0" file="cypress\e2e\KYC\VENDORassertions.cy.js" time="0.000" failures="0">
  </testsuite>
  <testsuite name="NEW VENDOR REQUEST" timestamp="2023-10-20T07:16:45" tests="1" time="74.405" failures="0">
    <testcase name="NEW VENDOR REQUEST NEW VENDOR REQUEST SAVE AS DAFRT " time="68.430" classname="NEW VENDOR REQUEST SAVE AS DAFRT ">
    </testcase>
  </testsuite>
</testsuites>