<?xml version="1.0" encoding="UTF-8"?>
<testsuites name="Mocha Tests" time="0.322" tests="3" failures="1">
  <testsuite name="Root Suite" timestamp="2023-10-20T10:25:15" tests="0" file="cypress\e2e\FEEDSTOCKFULL\FeedStock\Home.cy.js" time="0.000" failures="0">
  </testsuite>
  <testsuite name="Home" timestamp="2023-10-20T10:25:15" tests="3" time="0.317" failures="1">
    <testcase name="Home &quot;before each&quot; hook for &quot;Check &quot;Verify Home Page&quot;" time="0.000" classname="&quot;before each&quot; hook for &quot;Check &quot;Verify Home Page&quot;">
      <failure message="The cypress-ntlm-auth plugin must be loaded before using this method

Because this error occurred during a `before each` hook we are skipping the remaining tests in the current suite: `Home`" type="Error"><![CDATA[Error: The cypress-ntlm-auth plugin must be loaded before using this method

Because this error occurred during a `before each` hook we are skipping the remaining tests in the current suite: `Home`
    at Context.ntlm (webpack://cypress-junit-azure-devops/../../node_modules/cypress-ntlm-auth/dist/commands/index.js:35:0)]]></failure>
    </testcase>
  </testsuite>
</testsuites>