<?xml version="1.0" encoding="UTF-8"?>
<testsuites name="Mocha Tests" time="0.338" tests="1" failures="1">
  <testsuite name="Root Suite" timestamp="2023-10-20T10:28:39" tests="0" file="cypress\e2e\targrayallapplication\sandbox.cy.js" time="0.000" failures="0">
  </testsuite>
  <testsuite name="Azure Active Directory Authentication" timestamp="2023-10-20T10:28:39" tests="1" time="0.334" failures="1">
    <testcase name="Azure Active Directory Authentication &quot;before each&quot; hook for &quot;verifies the user logged in has the correct name&quot;" time="0.000" classname="&quot;before each&quot; hook for &quot;verifies the user logged in has the correct name&quot;">
      <failure message="cy.loginToAAD is not a function

Because this error occurred during a `before each` hook we are skipping the remaining tests in the current suite: `Azure Active Directory Auth...`" type="TypeError"><![CDATA[TypeError: cy.loginToAAD is not a function

Because this error occurred during a `before each` hook we are skipping the remaining tests in the current suite: `Azure Active Directory Auth...`
    at Context.eval (webpack://cypress-junit-azure-devops/./cypress/e2e/targrayallapplication/sandbox.cy.js:5:15)]]></failure>
    </testcase>
  </testsuite>
</testsuites>