<?xml version="1.0" encoding="UTF-8"?>
<testsuites name="Mocha Tests" time="0.275" tests="1" failures="1">
  <testsuite name="Root Suite" timestamp="2023-10-20T06:56:52" tests="0" file="cypress\e2e\FEEDSTOCKFULL\FEEDSTOCK_CONTRACT_Application.cy.js" time="0.000" failures="0">
  </testsuite>
  <testsuite name="FEEDSTOCK CONTRACT Application" timestamp="2023-10-20T06:56:52" tests="1" time="0.251" failures="1">
    <testcase name="FEEDSTOCK CONTRACT Application &quot;before each&quot; hook for &quot;FEEDSTOCK CONTRACT Application&quot;" time="0.000" classname="&quot;before each&quot; hook for &quot;FEEDSTOCK CONTRACT Application&quot;">
      <failure message="Incomplete configuration. ntlmHosts, username, password and ntlmVersion are required fields.

Because this error occurred during a `before each` hook we are skipping the remaining tests in the current suite: `FEEDSTOCK CONTRACT Application`" type="Error"><![CDATA[Error: Incomplete configuration. ntlmHosts, username, password and ntlmVersion are required fields.

Because this error occurred during a `before each` hook we are skipping the remaining tests in the current suite: `FEEDSTOCK CONTRACT Application`
    at Context.ntlm (webpack://cypress-junit-azure-devops/./node_modules/cypress-ntlm-auth/dist/commands/index.js:55:0)]]></failure>
    </testcase>
  </testsuite>
</testsuites>