<?xml version="1.0" encoding="UTF-8"?>
<testsuites name="Mocha Tests" time="5.100" tests="10" failures="0">
  <testsuite name="Root Suite" timestamp="2023-10-20T06:00:43" tests="0" file="cypress\e2e\2-advanced-examples\cypress_api.cy.js" time="0.000" failures="0">
  </testsuite>
  <testsuite name="Cypress.Commands" timestamp="2023-10-20T06:00:43" tests="1" time="3.116" failures="0">
    <testcase name="Cypress.Commands .add() - create a custom command" time="0.559" classname=".add() - create a custom command">
    </testcase>
  </testsuite>
  <testsuite name="Cypress.Cookies" timestamp="2023-10-20T06:00:46" tests="1" time="0.269" failures="0">
    <testcase name="Cypress.Cookies .debug() - enable or disable debugging" time="0.270" classname=".debug() - enable or disable debugging">
    </testcase>
  </testsuite>
  <testsuite name="Cypress.arch" timestamp="2023-10-20T06:00:46" tests="1" time="0.216" failures="0">
    <testcase name="Cypress.arch Get CPU architecture name of underlying OS" time="0.206" classname="Get CPU architecture name of underlying OS">
    </testcase>
  </testsuite>
  <testsuite name="Cypress.config()" timestamp="2023-10-20T06:00:47" tests="1" time="0.265" failures="0">
    <testcase name="Cypress.config() Get and set configuration options" time="0.249" classname="Get and set configuration options">
    </testcase>
  </testsuite>
  <testsuite name="Cypress.dom" timestamp="2023-10-20T06:00:47" tests="1" time="0.209" failures="0">
    <testcase name="Cypress.dom .isHidden() - determine if a DOM element is hidden" time="0.207" classname=".isHidden() - determine if a DOM element is hidden">
    </testcase>
  </testsuite>
  <testsuite name="Cypress.env()" timestamp="2023-10-20T06:00:47" tests="1" time="0.194" failures="0">
    <testcase name="Cypress.env() Get environment variables" time="0.186" classname="Get environment variables">
    </testcase>
  </testsuite>
  <testsuite name="Cypress.log" timestamp="2023-10-20T06:00:47" tests="1" time="0.197" failures="0">
    <testcase name="Cypress.log Control what is printed to the Command Log" time="0.189" classname="Control what is printed to the Command Log">
    </testcase>
  </testsuite>
  <testsuite name="Cypress.platform" timestamp="2023-10-20T06:00:47" tests="1" time="0.198" failures="0">
    <testcase name="Cypress.platform Get underlying OS name" time="0.188" classname="Get underlying OS name">
    </testcase>
  </testsuite>
  <testsuite name="Cypress.version" timestamp="2023-10-20T06:00:48" tests="1" time="0.201" failures="0">
    <testcase name="Cypress.version Get current version of Cypress being run" time="0.190" classname="Get current version of Cypress being run">
    </testcase>
  </testsuite>
  <testsuite name="Cypress.spec" timestamp="2023-10-20T06:00:48" tests="1" time="0.209" failures="0">
    <testcase name="Cypress.spec Get current spec information" time="0.198" classname="Get current spec information">
    </testcase>
  </testsuite>
</testsuites>