<?xml version="1.0" encoding="UTF-8"?>
<testsuites name="Mocha Tests" time="0.306" tests="1" failures="1">
  <testsuite name="Root Suite" timestamp="2023-10-20T10:28:46" tests="0" file="cypress\e2e\targrayallapplication\testpulses.cy.js" time="0.000" failures="0">
  </testsuite>
  <testsuite name="PULSES CONTRACT Application" timestamp="2023-10-20T10:28:46" tests="1" time="0.303" failures="1">
    <testcase name="PULSES CONTRACT Application &quot;before each&quot; hook for &quot;PULSES CONTRACT Application&quot;" time="0.000" classname="&quot;before each&quot; hook for &quot;PULSES CONTRACT Application&quot;">
      <failure message="The cypress-ntlm-auth plugin must be loaded before using this method

Because this error occurred during a `before each` hook we are skipping the remaining tests in the current suite: `PULSES CONTRACT Application`" type="Error"><![CDATA[Error: The cypress-ntlm-auth plugin must be loaded before using this method

Because this error occurred during a `before each` hook we are skipping the remaining tests in the current suite: `PULSES CONTRACT Application`
    at Context.ntlm (webpack://cypress-junit-azure-devops/../../node_modules/cypress-ntlm-auth/dist/commands/index.js:35:0)]]></failure>
    </testcase>
  </testsuite>
</testsuites>