<?xml version="1.0" encoding="UTF-8"?>
<testsuites name="Mocha Tests" time="0.388" tests="1" failures="1">
  <testsuite name="Root Suite" timestamp="2023-10-20T10:37:38" tests="0" file="cypress\e2e\targrayallapplication\rapid.cy.js" time="0.000" failures="0">
  </testsuite>
  <testsuite name="Azure Active Directory Authentication" timestamp="2023-10-20T10:37:38" tests="1" time="0.385" failures="1">
    <testcase name="Azure Active Directory Authentication verifies the user logged in has the correct name" time="0.000" classname="verifies the user logged in has the correct name">
      <failure message="cy.loginToAAD is not a function" type="TypeError"><![CDATA[TypeError: cy.loginToAAD is not a function
    at Context.eval (webpack://cypress-junit-azure-devops/./cypress/e2e/targrayallapplication/rapid.cy.js:3:8)]]></failure>
    </testcase>
  </testsuite>
</testsuites>