<?xml version="1.0" encoding="UTF-8"?>
<testsuites name="Mocha Tests" time="0.339" tests="1" failures="1">
  <testsuite name="Root Suite" timestamp="2023-10-20T06:54:13" tests="0" file="cypress\e2e\FEEDSTOCKFULL\ASSERTIONSFEEDSTOCK.cy.js" time="0.000" failures="0">
  </testsuite>
  <testsuite name="FEEDSTOCK CONTRACT Application" timestamp="2023-10-20T06:54:13" tests="1" time="0.318" failures="1">
    <testcase name="FEEDSTOCK CONTRACT Application &quot;before each&quot; hook for &quot;FEEDSTOCK CONTRACT Application&quot;" time="0.000" classname="&quot;before each&quot; hook for &quot;FEEDSTOCK CONTRACT Application&quot;">
      <failure message="The cypress-ntlm-auth plugin must be loaded before using this method

Because this error occurred during a `before each` hook we are skipping the remaining tests in the current suite: `FEEDSTOCK CONTRACT Application`" type="Error"><![CDATA[Error: The cypress-ntlm-auth plugin must be loaded before using this method

Because this error occurred during a `before each` hook we are skipping the remaining tests in the current suite: `FEEDSTOCK CONTRACT Application`
    at Context.ntlm (webpack://cypress-junit-azure-devops/./node_modules/cypress-ntlm-auth/dist/commands/index.js:35:0)]]></failure>
    </testcase>
  </testsuite>
</testsuites>