<?xml version="1.0" encoding="UTF-8"?>
<testsuites name="Mocha Tests" time="5.855" tests="6" failures="0">
  <testsuite name="Root Suite" timestamp="2023-10-20T06:01:07" tests="0" file="cypress\e2e\2-advanced-examples\misc.cy.js" time="0.000" failures="0">
  </testsuite>
  <testsuite name="Misc" timestamp="2023-10-20T06:01:07" tests="4" time="0.000" failures="0">
    <testcase name="Misc .end() - end the command chain" time="0.869" classname=".end() - end the command chain">
    </testcase>
    <testcase name="Misc cy.exec() - execute a system command" time="0.348" classname="cy.exec() - execute a system command">
    </testcase>
    <testcase name="Misc cy.focused() - get the DOM element that has focus" time="0.356" classname="cy.focused() - get the DOM element that has focus">
    </testcase>
    <testcase name="Misc cy.wrap() - wrap an object" time="0.189" classname="cy.wrap() - wrap an object">
    </testcase>
  </testsuite>
  <testsuite name="Cypress.Screenshot" timestamp="2023-10-20T06:01:11" tests="2" time="1.443" failures="0">
    <testcase name="Misc Cypress.Screenshot cy.screenshot() - take a screenshot" time="1.218" classname="cy.screenshot() - take a screenshot">
    </testcase>
    <testcase name="Misc Cypress.Screenshot Cypress.Screenshot.defaults() - change default config of screenshots" time="0.194" classname="Cypress.Screenshot.defaults() - change default config of screenshots">
    </testcase>
  </testsuite>
</testsuites>