<?xml version="1.0" encoding="UTF-8"?>
<testsuites name="Mocha Tests" time="4.444" tests="5" failures="0">
  <testsuite name="Root Suite" timestamp="2023-10-20T10:22:31" tests="0" file="cypress\e2e\2-advanced-examples\querying.cy.js" time="0.000" failures="0">
  </testsuite>
  <testsuite name="Querying" timestamp="2023-10-20T10:22:31" tests="5" time="4.440" failures="0">
    <testcase name="Querying cy.get() - query DOM elements" time="0.577" classname="cy.get() - query DOM elements">
    </testcase>
    <testcase name="Querying cy.contains() - query DOM elements with matching content" time="0.256" classname="cy.contains() - query DOM elements with matching content">
    </testcase>
    <testcase name="Querying .within() - query DOM elements within a specific element" time="0.247" classname=".within() - query DOM elements within a specific element">
    </testcase>
    <testcase name="Querying cy.root() - query the root DOM element" time="0.235" classname="cy.root() - query the root DOM element">
    </testcase>
    <testcase name="Querying best practices - selecting elements" time="0.865" classname="best practices - selecting elements">
    </testcase>
  </testsuite>
</testsuites>