<?xml version="1.0" encoding="UTF-8"?>
<testsuites name="Mocha Tests" time="14.387" tests="1" failures="1">
  <testsuite name="Root Suite" timestamp="2023-10-20T10:26:29" tests="0" file="cypress\e2e\FEEDSTOCKFULL\FEEDSTOCK_CONTRACT_Application.cy.js" time="0.000" failures="0">
  </testsuite>
  <testsuite name="FEEDSTOCK CONTRACT Application" timestamp="2023-10-20T10:26:29" tests="1" time="14.382" failures="1">
    <testcase name="FEEDSTOCK CONTRACT Application FEEDSTOCK CONTRACT Application" time="0.000" classname="FEEDSTOCK CONTRACT Application">
      <failure message="cy.get(...).attachFile is not a function" type="TypeError"><![CDATA[TypeError: cy.get(...).attachFile is not a function
    at Context.eval (webpack://cypress-junit-azure-devops/./cypress/e2e/FEEDSTOCKFULL/FEEDSTOCK_CONTRACT_Application.cy.js:304:41)]]></failure>
    </testcase>
  </testsuite>
</testsuites>