<?xml version="1.0" encoding="UTF-8"?>
<testsuites name="Mocha Tests" time="0.328" tests="1" failures="1">
  <testsuite name="Root Suite" timestamp="2023-10-20T10:27:23" tests="0" file="cypress\e2e\FEEDSTOCKFULL\FeedStock\DatabaseTesting_UAT.cy.js" time="0.000" failures="0">
  </testsuite>
  <testsuite name="DB TEsting_UAT" timestamp="2023-10-20T10:27:23" tests="1" time="0.325" failures="1">
    <testcase name="DB TEsting_UAT select from query" time="0.000" classname="select from query">
      <failure message="cy.sqlServer is not a function" type="TypeError"><![CDATA[TypeError: cy.sqlServer is not a function
    at Context.eval (webpack://cypress-junit-azure-devops/./cypress/e2e/FEEDSTOCKFULL/FeedStock/DatabaseTesting_UAT.cy.js:14:7)]]></failure>
    </testcase>
  </testsuite>
</testsuites>