<?xml version="1.0" encoding="UTF-8"?>
<testsuites name="Mocha Tests" time="126.414" tests="1" failures="0">
  <testsuite name="Root Suite" timestamp="2023-10-20T07:18:31" tests="0" file="cypress\e2e\Pulses\PULSES_Contract_Application.cy.js" time="0.000" failures="0">
  </testsuite>
  <testsuite name="PULSES CONTRACT Application" timestamp="2023-10-20T07:18:31" tests="1" time="126.390" failures="0">
    <testcase name="PULSES CONTRACT Application PULSES CONTRACT Application" time="114.913" classname="PULSES CONTRACT Application">
    </testcase>
  </testsuite>
</testsuites>