<?xml version="1.0" encoding="UTF-8"?>
<testsuites name="Mocha Tests" time="26.158" tests="1" failures="1">
  <testsuite name="Root Suite" timestamp="2023-10-20T10:30:52" tests="0" file="cypress\e2e\FEEDSTOCKFULL\FeedStock\Revision.cy.js" time="0.000" failures="0">
  </testsuite>
  <testsuite name="Revision" timestamp="2023-10-20T10:30:52" tests="1" time="26.156" failures="1">
    <testcase name="Revision Revision" time="0.000" classname="Revision">
      <failure message="Timed out after `4000ms`. The `done()` callback was never invoked!" type="CypressError"><![CDATA[CypressError: Timed out after `4000ms`. The `done()` callback was never invoked!
    at cypressErr (http://web04/__cypress/runner/cypress_runner.js:75215:18)
    at Object.errByPath (http://web04/__cypress/runner/cypress_runner.js:75270:10)
    at http://web04/__cypress/runner/cypress_runner.js:145850:72]]></failure>
    </testcase>
  </testsuite>
</testsuites>