<?xml version="1.0" encoding="UTF-8"?>
<testsuites name="Mocha Tests" time="245.262" tests="1" failures="1">
  <testsuite name="Root Suite" timestamp="2023-10-20T07:06:33" tests="0" file="cypress\e2e\FEEDSTOCKFULL\FEEDSTOCK_CONTRACT_Application.cy.js" time="0.000" failures="0">
  </testsuite>
  <testsuite name="FEEDSTOCK CONTRACT Application" timestamp="2023-10-20T07:06:33" tests="1" time="245.249" failures="1">
    <testcase name="FEEDSTOCK CONTRACT Application FEEDSTOCK CONTRACT Application" time="0.000" classname="FEEDSTOCK CONTRACT Application">
      <failure message="`cy.click()` can only be called on a single element. Your subject contained 2 elements. Pass `{ multiple: true }` if you want to serially click each element.

https://on.cypress.io/click" type="CypressError"><![CDATA[CypressError: `cy.click()` can only be called on a single element. Your subject contained 2 elements. Pass `{ multiple: true }` if you want to serially click each element.

https://on.cypress.io/click
    at mouseAction (http://web04/__cypress/runner/cypress_runner.js:111447:68)
    at Context.click (http://web04/__cypress/runner/cypress_runner.js:111611:14)
    at wrapped (http://web04/__cypress/runner/cypress_runner.js:137583:19)
From Your Spec Code:
    at Context.eval (webpack://cypress-junit-azure-devops/./cypress/e2e/FEEDSTOCKFULL/FEEDSTOCK_CONTRACT_Application.cy.js:88:64)]]></failure>
    </testcase>
  </testsuite>
</testsuites>