<?xml version="1.0" encoding="UTF-8"?>
<testsuites name="Mocha Tests" time="4.947" tests="2" failures="0">
  <testsuite name="Root Suite" timestamp="2023-10-20T06:00:07" tests="0" file="cypress\e2e\2-advanced-examples\aliasing.cy.js" time="0.000" failures="0">
  </testsuite>
  <testsuite name="Aliasing" timestamp="2023-10-20T06:00:07" tests="2" time="4.934" failures="0">
    <testcase name="Aliasing .as() - alias a DOM element for later use" time="0.817" classname=".as() - alias a DOM element for later use">
    </testcase>
    <testcase name="Aliasing .as() - alias a route for later use" time="1.841" classname=".as() - alias a route for later use">
    </testcase>
  </testsuite>
</testsuites>