<?xml version="1.0" encoding="UTF-8"?>
<testsuites name="Mocha Tests" time="0.449" tests="1" failures="1">
  <testsuite name="Root Suite" timestamp="2023-10-20T06:58:27" tests="0" file="cypress\e2e\FEEDSTOCKFULL\FeedStock\DatabaseTesting_UAT.cy.js" time="0.000" failures="0">
  </testsuite>
  <testsuite name="DB TEsting_UAT" timestamp="2023-10-20T06:58:27" tests="1" time="0.413" failures="1">
    <testcase name="DB TEsting_UAT select from query" time="0.000" classname="select from query">
      <failure message="`cy.task(&apos;sqlServer:execute&apos;)` failed with the following error:

The &apos;task&apos; event has not been registered in the setupNodeEvents method. You must register it before using cy.task()

Fix this in your setupNodeEvents method here:
C:\Users\amallipudi\Desktop\DBtesting\cypress.config.js

https://on.cypress.io/api/task" type="CypressError"><![CDATA[CypressError: `cy.task('sqlServer:execute')` failed with the following error:

The 'task' event has not been registered in the setupNodeEvents method. You must register it before using cy.task()

Fix this in your setupNodeEvents method here:
C:\Users\amallipudi\Desktop\DBtesting\cypress.config.js

https://on.cypress.io/api/task
    at <unknown> (http://localhost:64096/__cypress/runner/cypress_runner.js:134589:72)
    at tryCatcher (http://localhost:64096/__cypress/runner/cypress_runner.js:1807:23)
    at Promise._settlePromiseFromHandler (http://localhost:64096/__cypress/runner/cypress_runner.js:1519:31)
    at Promise._settlePromise (http://localhost:64096/__cypress/runner/cypress_runner.js:1576:18)
    at Promise._settlePromise0 (http://localhost:64096/__cypress/runner/cypress_runner.js:1621:10)
    at Promise._settlePromises (http://localhost:64096/__cypress/runner/cypress_runner.js:1697:18)
    at _drainQueueStep (http://localhost:64096/__cypress/runner/cypress_runner.js:2407:12)
    at _drainQueue (http://localhost:64096/__cypress/runner/cypress_runner.js:2400:9)
    at Async._drainQueues (http://localhost:64096/__cypress/runner/cypress_runner.js:2416:5)
    at Async.drainQueues (http://localhost:64096/__cypress/runner/cypress_runner.js:2286:14)
From Your Spec Code:
    at Context.eval (webpack://cypress-junit-azure-devops/./node_modules/cypress-sql-server/src/commands/db.js:7:0)]]></failure>
    </testcase>
  </testsuite>
</testsuites>