<?xml version="1.0" encoding="UTF-8"?>
<testsuites name="Mocha Tests" time="57.858" tests="1" failures="1">
  <testsuite name="Root Suite" timestamp="2023-10-20T07:11:10" tests="0" file="cypress\e2e\FEEDSTOCKFULL\FSpom.cy.js" time="0.000" failures="0">
  </testsuite>
  <testsuite name="Test Suite" timestamp="2023-10-20T07:11:10" tests="1" time="57.832" failures="1">
    <testcase name="Test Suite addnewdealclick" time="0.000" classname="addnewdealclick">
      <failure message="`cy.click()` can only be called on a single element. Your subject contained 2 elements. Pass `{ multiple: true }` if you want to serially click each element.

https://on.cypress.io/click" type="CypressError"><![CDATA[CypressError: `cy.click()` can only be called on a single element. Your subject contained 2 elements. Pass `{ multiple: true }` if you want to serially click each element.

https://on.cypress.io/click
    at mouseAction (http://web04/__cypress/runner/cypress_runner.js:111447:68)
    at Context.click (http://web04/__cypress/runner/cypress_runner.js:111611:14)
    at wrapped (http://web04/__cypress/runner/cypress_runner.js:137583:19)
From Your Spec Code:
    at home_managedealpage.Countriess_checkbox (webpack://cypress-junit-azure-devops/./cypress/e2e/PageObjects/home_managedealpag.js:164:66)
    at Context.eval (webpack://cypress-junit-azure-devops/./cypress/e2e/FEEDSTOCKFULL/FSpom.cy.js:49:11)]]></failure>
    </testcase>
  </testsuite>
</testsuites>