<?xml version="1.0" encoding="UTF-8"?>
<testsuites name="Mocha Tests" time="0.496" tests="2" failures="1">
  <testsuite name="Root Suite" timestamp="2023-10-20T06:12:36" tests="0" file="cypress\e2e\PROAP\proap.cy.js" time="0.000" failures="0">
  </testsuite>
  <testsuite name="Azure Active Directory Authentication" timestamp="2023-10-20T06:12:36" tests="2" time="0.449" failures="1">
    <testcase name="Azure Active Directory Authentication &quot;before each&quot; hook for &quot;verifies the Length &amp; Clear button&quot;" time="0.000" classname="&quot;before each&quot; hook for &quot;verifies the Length &amp; Clear button&quot;">
      <failure message="cy.loginToAAD is not a function

Because this error occurred during a `before each` hook we are skipping the remaining tests in the current suite: `Azure Active Directory Auth...`" type="TypeError"><![CDATA[TypeError: cy.loginToAAD is not a function

Because this error occurred during a `before each` hook we are skipping the remaining tests in the current suite: `Azure Active Directory Auth...`
    at Context.eval (webpack://cypressautomation/./cypress/e2e/PROAP/proap.cy.js:5:7)]]></failure>
    </testcase>
  </testsuite>
</testsuites>