<?xml version="1.0" encoding="UTF-8"?>
<testsuites name="Mocha Tests" time="0.803" tests="1" failures="1">
  <testsuite name="Root Suite" timestamp="2023-10-20T06:52:06" tests="0" file="cypress\e2e\BIOUS\Bio_us _diff.cy.js" time="0.000" failures="0">
  </testsuite>
  <testsuite name="BIOUS MARKET DIFFRENTIAL DATA ENTRY APP" timestamp="2023-10-20T06:52:06" tests="1" time="0.768" failures="1">
    <testcase name="BIOUS MARKET DIFFRENTIAL DATA ENTRY APP &quot;before each&quot; hook for &quot;BIOUS MARKET DIFFRENTIAL DATA ENTRY  for testing &quot;" time="0.000" classname="&quot;before each&quot; hook for &quot;BIOUS MARKET DIFFRENTIAL DATA ENTRY  for testing &quot;">
      <failure message="Incomplete configuration. ntlmHosts, username, password and ntlmVersion are required fields.

Because this error occurred during a `before each` hook we are skipping the remaining tests in the current suite: `BIOUS MARKET DIFFRENTIAL DA...`" type="Error"><![CDATA[Error: Incomplete configuration. ntlmHosts, username, password and ntlmVersion are required fields.

Because this error occurred during a `before each` hook we are skipping the remaining tests in the current suite: `BIOUS MARKET DIFFRENTIAL DA...`
    at Context.ntlm (webpack://cypress-junit-azure-devops/./node_modules/cypress-ntlm-auth/dist/commands/index.js:55:0)]]></failure>
    </testcase>
  </testsuite>
</testsuites>