<?xml version="1.0" encoding="UTF-8"?>
<testsuites name="Mocha Tests" time="7.181" tests="1" failures="1">
  <testsuite name="Root Suite" timestamp="2023-10-20T10:36:11" tests="0" file="cypress\e2e\KYC\customerASSERTIONS.cy.js" time="0.000" failures="0">
  </testsuite>
  <testsuite name="NEW CUSTOMER REQUEST" timestamp="2023-10-20T10:36:11" tests="1" time="7.177" failures="1">
    <testcase name="NEW CUSTOMER REQUEST NEW CUSTOMER REQUEST SAVE AS DAFRT &amp; SUBMIT " time="0.000" classname="NEW CUSTOMER REQUEST SAVE AS DAFRT &amp; SUBMIT ">
      <failure message="cy.get(...).attachFile is not a function" type="TypeError"><![CDATA[TypeError: cy.get(...).attachFile is not a function
    at Context.eval (webpack://cypress-junit-azure-devops/./cypress/e2e/KYC/customerASSERTIONS.cy.js:68:44)]]></failure>
    </testcase>
  </testsuite>
</testsuites>