<?xml version="1.0" encoding="UTF-8"?>
<testsuites name="Mocha Tests" time="0.354" tests="2" failures="1">
  <testsuite name="Root Suite" timestamp="2023-10-20T07:03:38" tests="0" file="cypress\e2e\FEEDSTOCKFULL\FeedStock\Trader.cy.js" time="0.000" failures="0">
  </testsuite>
  <testsuite name="Trader" timestamp="2023-10-20T07:03:38" tests="2" time="0.321" failures="1">
    <testcase name="Trader &quot;before each&quot; hook for &quot;check all mandatory fields&quot;" time="0.000" classname="&quot;before each&quot; hook for &quot;check all mandatory fields&quot;">
      <failure message="Incomplete configuration. ntlmHosts, username, password and ntlmVersion are required fields.

Because this error occurred during a `before each` hook we are skipping the remaining tests in the current suite: `Trader`" type="Error"><![CDATA[Error: Incomplete configuration. ntlmHosts, username, password and ntlmVersion are required fields.

Because this error occurred during a `before each` hook we are skipping the remaining tests in the current suite: `Trader`
    at Context.ntlm (webpack://cypress-junit-azure-devops/./node_modules/cypress-ntlm-auth/dist/commands/index.js:55:0)]]></failure>
    </testcase>
  </testsuite>
</testsuites>