<?xml version="1.0" encoding="UTF-8"?>
<testsuites name="Mocha Tests" time="8.807" tests="1" failures="1">
  <testsuite name="Root Suite" timestamp="2023-10-20T10:35:54" tests="0" file="cypress\e2e\KYC\VENDORassertions.cy.js" time="0.000" failures="0">
  </testsuite>
  <testsuite name="NEW VENDOR REQUEST" timestamp="2023-10-20T10:35:54" tests="1" time="8.803" failures="1">
    <testcase name="NEW VENDOR REQUEST NEW VENDOR REQUEST SAVE AS DAFRT " time="0.000" classname="NEW VENDOR REQUEST SAVE AS DAFRT ">
      <failure message="cy.get(...).attachFile is not a function" type="TypeError"><![CDATA[TypeError: cy.get(...).attachFile is not a function
    at Context.eval (webpack://cypress-junit-azure-devops/./cypress/e2e/KYC/VENDORassertions.cy.js:58:44)]]></failure>
    </testcase>
  </testsuite>
</testsuites>